[     158ms] [WARNING] <link rel=preload> must have a valid `as` value @ http://127.0.0.1:3001/docs/popups/drawer:0
[     203ms] [INFO] %cDownload the React DevTools for a better development experience: https://react.dev/link/react-devtools font-weight:bold @ http://127.0.0.1:3001/node_modules/.vite/deps/react-dom_client.js?v=902827ed:20102
[     241ms] [ERROR] Invalid prop `%s` supplied to `React.Fragment`. React.Fragment can only have `key` and `children` props. aria-label @ http://127.0.0.1:3001/node_modules/.vite/deps/react-dom_client.js?v=902827ed:4570
[     265ms] [ERROR] A tree hydrated but some attributes of the server rendered HTML didn't match the client properties. This won't be patched up. This can happen if a SSR-ed Client Component used:

- A server/client branch `if (typeof window !== 'undefined')`.
- Variable input such as `Date.now()` or `Math.random()` which changes each time it's called.
- Date formatting in a user's locale which doesn't match the server.
- External changing data without sending a snapshot of it along with the HTML.
- Invalid HTML tag nesting.

It can also happen if the client has a browser extension installed which messes with the HTML before React loaded.

%s%s https://react.dev/link/hydration-mismatch 

  <Router>
    <Root initialRscPath="R/docs/pop..." initialRscParams={URLSearchParams}>
      <meta>
      <meta>
      <meta>
      <InnerRouter initialRoute={{path:"/doc...", ...}} httpStatus="200" routeInterceptor={undefined}>
        <Slot id="root">
          <DefaultRoot>
            <ErrorBoundary>
              <html
-               className="light"
-               style={{color-scheme:"light"}}
              >
 @ http://127.0.0.1:3001/node_modules/.vite/deps/react-dom_client.js?v=902827ed:4072
[   14708ms] [WARNING] <link rel=preload> must have a valid `as` value @ http://127.0.0.1:3001/docs/popups/drawer:0
[   14738ms] [INFO] %cDownload the React DevTools for a better development experience: https://react.dev/link/react-devtools font-weight:bold @ http://127.0.0.1:3001/node_modules/.vite/deps/react-dom_client.js?v=902827ed:20102
[   14776ms] [ERROR] Invalid prop `%s` supplied to `React.Fragment`. React.Fragment can only have `key` and `children` props. aria-label @ http://127.0.0.1:3001/node_modules/.vite/deps/react-dom_client.js?v=902827ed:4570
[   14800ms] [ERROR] A tree hydrated but some attributes of the server rendered HTML didn't match the client properties. This won't be patched up. This can happen if a SSR-ed Client Component used:

- A server/client branch `if (typeof window !== 'undefined')`.
- Variable input such as `Date.now()` or `Math.random()` which changes each time it's called.
- Date formatting in a user's locale which doesn't match the server.
- External changing data without sending a snapshot of it along with the HTML.
- Invalid HTML tag nesting.

It can also happen if the client has a browser extension installed which messes with the HTML before React loaded.

%s%s https://react.dev/link/hydration-mismatch 

  <Router>
    <Root initialRscPath="R/docs/pop..." initialRscParams={URLSearchParams}>
      <meta>
      <meta>
      <meta>
      <InnerRouter initialRoute={{path:"/doc...", ...}} httpStatus="200" routeInterceptor={undefined}>
        <Slot id="root">
          <DefaultRoot>
            <ErrorBoundary>
              <html
-               className="light"
-               style={{color-scheme:"light"}}
              >
 @ http://127.0.0.1:3001/node_modules/.vite/deps/react-dom_client.js?v=902827ed:4072
[   22634ms] [WARNING] <link rel=preload> must have a valid `as` value @ http://127.0.0.1:3001/docs/popups/drawer:0
[   22663ms] [INFO] %cDownload the React DevTools for a better development experience: https://react.dev/link/react-devtools font-weight:bold @ http://127.0.0.1:3001/node_modules/.vite/deps/react-dom_client.js?v=902827ed:20102
[   22700ms] [ERROR] Invalid prop `%s` supplied to `React.Fragment`. React.Fragment can only have `key` and `children` props. aria-label @ http://127.0.0.1:3001/node_modules/.vite/deps/react-dom_client.js?v=902827ed:4570
[   22725ms] [ERROR] A tree hydrated but some attributes of the server rendered HTML didn't match the client properties. This won't be patched up. This can happen if a SSR-ed Client Component used:

- A server/client branch `if (typeof window !== 'undefined')`.
- Variable input such as `Date.now()` or `Math.random()` which changes each time it's called.
- Date formatting in a user's locale which doesn't match the server.
- External changing data without sending a snapshot of it along with the HTML.
- Invalid HTML tag nesting.

It can also happen if the client has a browser extension installed which messes with the HTML before React loaded.

%s%s https://react.dev/link/hydration-mismatch 

  <Router>
    <Root initialRscPath="R/docs/pop..." initialRscParams={URLSearchParams}>
      <meta>
      <meta>
      <meta>
      <InnerRouter initialRoute={{path:"/doc...", ...}} httpStatus="200" routeInterceptor={undefined}>
        <Slot id="root">
          <DefaultRoot>
            <ErrorBoundary>
              <html
-               className="light"
-               style={{color-scheme:"light"}}
              >
 @ http://127.0.0.1:3001/node_modules/.vite/deps/react-dom_client.js?v=902827ed:4072
[   29103ms] [LOG] [vite] server connection lost. Polling for restart... @ http://127.0.0.1:3001/@vite/client:864
